<?xml version="1.0" encoding="UTF-8"?>
<!-- Generated by org.testng.reporters.JUnitReportReporter -->
<testsuite hostname="CYF-LAP-03" failures="0" tests="9" name="CloudAutomation.Cyfuture.Pay" time="16.884" errors="1" timestamp="2022-02-22T11:38:40 IST" skipped="8">
  <testcase classname="CloudAutomation.Cyfuture.Pay" name="openBrowser1" time="16.884">
    <error message="element not interactable: element has zero size
  (Session info: chrome=98.0.4758.102)
Build info: version: &#039;3.5.0&#039;, revision: &#039;8def36e068&#039;, time: &#039;2017-08-10T23:00:22.093Z&#039;
System info: host: &#039;CYF-LAP-03&#039;, ip: &#039;10.0.0.241&#039;, os.name: &#039;Windows 10&#039;, os.arch: &#039;amd64&#039;, os.version: &#039;10.0&#039;, java.version: &#039;17.0.1&#039;
Driver info: org.openqa.selenium.chrome.ChromeDriver
Capabilities [{networkConnectionEnabled=false, chrome={chromedriverVersion=97.0.4692.71 (adefa7837d02a07a604c1e6eff0b3a09422ab88d-refs/branch-heads/4692@{#1247}), userDataDir=C:\Users\VARSHA~1.CHO\AppData\Local\Temp\scoped_dir20688_1136971638}, timeouts={implicit=0.0, pageLoad=300000.0, script=30000.0}, pageLoadStrategy=normal, unhandledPromptBehavior=dismiss and notify, strictFileInteractability=false, platform=ANY, proxy=Proxy(), goog:chromeOptions={debuggerAddress=localhost:55666}, webauthn:extension:credBlob=true, acceptInsecureCerts=false, browserVersion=98.0.4758.102, browserName=chrome, javascriptEnabled=true, platformName=windows, setWindowRect=true, webauthn:extension:largeBlob=true, webauthn:virtualAuthenticators=true}]
Session ID: ad9115fac84cd968ef45c1c9ebab1295" type="org.openqa.selenium.ElementNotInteractableException">
      <![CDATA[org.openqa.selenium.ElementNotInteractableException: element not interactable: element has zero size
  (Session info: chrome=98.0.4758.102)
Build info: version: '3.5.0', revision: '8def36e068', time: '2017-08-10T23:00:22.093Z'
System info: host: 'CYF-LAP-03', ip: '10.0.0.241', os.name: 'Windows 10', os.arch: 'amd64', os.version: '10.0', java.version: '17.0.1'
Driver info: org.openqa.selenium.chrome.ChromeDriver
Capabilities [{networkConnectionEnabled=false, chrome={chromedriverVersion=97.0.4692.71 (adefa7837d02a07a604c1e6eff0b3a09422ab88d-refs/branch-heads/4692@{#1247}), userDataDir=C:\Users\VARSHA~1.CHO\AppData\Local\Temp\scoped_dir20688_1136971638}, timeouts={implicit=0.0, pageLoad=300000.0, script=30000.0}, pageLoadStrategy=normal, unhandledPromptBehavior=dismiss and notify, strictFileInteractability=false, platform=ANY, proxy=Proxy(), goog:chromeOptions={debuggerAddress=localhost:55666}, webauthn:extension:credBlob=true, acceptInsecureCerts=false, browserVersion=98.0.4758.102, browserName=chrome, javascriptEnabled=true, platformName=windows, setWindowRect=true, webauthn:extension:largeBlob=true, webauthn:virtualAuthenticators=true}]
Session ID: ad9115fac84cd968ef45c1c9ebab1295
at java.base/jdk.internal.reflect.NativeConstructorAccessorImpl.newInstance0(Native Method)
at java.base/jdk.internal.reflect.NativeConstructorAccessorImpl.newInstance(NativeConstructorAccessorImpl.java:77)
at java.base/jdk.internal.reflect.DelegatingConstructorAccessorImpl.newInstance(DelegatingConstructorAccessorImpl.java:45)
at java.base/java.lang.reflect.Constructor.newInstanceWithCaller(Constructor.java:499)
at java.base/java.lang.reflect.Constructor.newInstance(Constructor.java:480)
at org.openqa.selenium.remote.http.W3CHttpResponseCodec.createException(W3CHttpResponseCodec.java:185)
at org.openqa.selenium.remote.http.W3CHttpResponseCodec.decode(W3CHttpResponseCodec.java:120)
at org.openqa.selenium.remote.http.W3CHttpResponseCodec.decode(W3CHttpResponseCodec.java:49)
at org.openqa.selenium.remote.HttpCommandExecutor.execute(HttpCommandExecutor.java:164)
at org.openqa.selenium.remote.service.DriverCommandExecutor.execute(DriverCommandExecutor.java:82)
at org.openqa.selenium.remote.RemoteWebDriver.execute(RemoteWebDriver.java:641)
at org.openqa.selenium.remote.RemoteWebElement.execute(RemoteWebElement.java:275)
at org.openqa.selenium.remote.RemoteWebElement.click(RemoteWebElement.java:82)
at CloudAutomation.Cyfuture.BaseClass.browserOpen(BaseClass.java:49)
at CloudAutomation.Cyfuture.Pay.openBrowser1(Pay.java:26)
at java.base/jdk.internal.reflect.NativeMethodAccessorImpl.invoke0(Native Method)
at java.base/jdk.internal.reflect.NativeMethodAccessorImpl.invoke(NativeMethodAccessorImpl.java:77)
at java.base/jdk.internal.reflect.DelegatingMethodAccessorImpl.invoke(DelegatingMethodAccessorImpl.java:43)
at java.base/java.lang.reflect.Method.invoke(Method.java:568)
at org.testng.internal.MethodInvocationHelper.invokeMethod(MethodInvocationHelper.java:133)
at org.testng.internal.MethodInvocationHelper.invokeMethodConsideringTimeout(MethodInvocationHelper.java:62)
at org.testng.internal.ConfigInvoker.invokeConfigurationMethod(ConfigInvoker.java:385)
at org.testng.internal.ConfigInvoker.invokeConfigurations(ConfigInvoker.java:321)
at org.testng.internal.TestMethodWorker.invokeBeforeClassMethods(TestMethodWorker.java:176)
at org.testng.internal.TestMethodWorker.run(TestMethodWorker.java:122)
at java.base/java.util.ArrayList.forEach(ArrayList.java:1511)
at org.testng.TestRunner.privateRun(TestRunner.java:794)
at org.testng.TestRunner.run(TestRunner.java:596)
at org.testng.SuiteRunner.runTest(SuiteRunner.java:377)
at org.testng.SuiteRunner.runSequentially(SuiteRunner.java:371)
at org.testng.SuiteRunner.privateRun(SuiteRunner.java:332)
at org.testng.SuiteRunner.run(SuiteRunner.java:276)
at org.testng.SuiteRunnerWorker.runSuite(SuiteRunnerWorker.java:53)
at org.testng.SuiteRunnerWorker.run(SuiteRunnerWorker.java:96)
at org.testng.TestNG.runSuitesSequentially(TestNG.java:1212)
at org.testng.TestNG.runSuitesLocally(TestNG.java:1134)
at org.testng.TestNG.runSuites(TestNG.java:1063)
at org.testng.TestNG.run(TestNG.java:1031)
at org.testng.remote.AbstractRemoteTestNG.run(AbstractRemoteTestNG.java:115)
at org.testng.remote.RemoteTestNG.initAndRun(RemoteTestNG.java:251)
at org.testng.remote.RemoteTestNG.main(RemoteTestNG.java:77)
]]>
    </error>
  </testcase> <!-- openBrowser1 -->
  <system-out/>
  <testcase classname="CloudAutomation.Cyfuture.Pay" name="LoginWithbilling" time="0.000">
    <skipped/>
  </testcase> <!-- LoginWithbilling -->
  <system-out/>
  <testcase classname="CloudAutomation.Cyfuture.Pay" name="RozarCustomA" time="0.000">
    <skipped/>
  </testcase> <!-- RozarCustomA -->
  <system-out/>
  <testcase classname="CloudAutomation.Cyfuture.Pay" name="CoupancreditCorrect" time="0.000">
    <skipped/>
  </testcase> <!-- CoupancreditCorrect -->
  <system-out/>
  <testcase classname="CloudAutomation.Cyfuture.Pay" name="Clouancreditincorrect" time="0.000">
    <skipped/>
  </testcase> <!-- Clouancreditincorrect -->
  <system-out/>
  <testcase classname="CloudAutomation.Cyfuture.Pay" name="RozarSelecta" time="0.000">
    <skipped/>
  </testcase> <!-- RozarSelecta -->
  <system-out/>
  <testcase classname="CloudAutomation.Cyfuture.Pay" name="Coupancreditalrady" time="0.000">
    <skipped/>
  </testcase> <!-- Coupancreditalrady -->
  <system-out/>
  <testcase classname="CloudAutomation.Cyfuture.Pay" name="PayCustomA" time="0.000">
    <skipped/>
  </testcase> <!-- PayCustomA -->
  <system-out/>
  <testcase classname="CloudAutomation.Cyfuture.Pay" name="paypalSelecta" time="0.000">
    <skipped/>
  </testcase> <!-- paypalSelecta -->
  <system-out/>
</testsuite> <!-- CloudAutomation.Cyfuture.Pay -->
